\BOOKMARK [0][-]{chapter.1}{\376\377\0001\000\040\000S\000t\000a\000r\000l\000i\000n\000g\000\040\000M\000u\000r\000m\000u\000r\000a\000t\000i\000o\000n\000s}{}% 1
\BOOKMARK [0][-]{chapter.2}{\376\377\0002\000\040\000C\000l\000a\000s\000s\000\040\000I\000n\000d\000e\000x}{}% 2
\BOOKMARK [1][-]{section.2.1}{\376\377\0002\000.\0001\000\040\000C\000l\000a\000s\000s\000\040\000L\000i\000s\000t}{chapter.2}% 3
\BOOKMARK [0][-]{chapter.3}{\376\377\0003\000\040\000F\000i\000l\000e\000\040\000I\000n\000d\000e\000x}{}% 4
\BOOKMARK [1][-]{section.3.1}{\376\377\0003\000.\0001\000\040\000F\000i\000l\000e\000\040\000L\000i\000s\000t}{chapter.3}% 5
\BOOKMARK [0][-]{chapter.4}{\376\377\0004\000\040\000C\000l\000a\000s\000s\000\040\000D\000o\000c\000u\000m\000e\000n\000t\000a\000t\000i\000o\000n}{}% 6
\BOOKMARK [1][-]{section.4.1}{\376\377\0004\000.\0001\000\040\000b\000o\000i\000d\000\040\000C\000l\000a\000s\000s\000\040\000R\000e\000f\000e\000r\000e\000n\000c\000e}{chapter.4}% 7
\BOOKMARK [2][-]{subsection.4.1.1}{\376\377\0004\000.\0001\000.\0001\000\040\000C\000o\000n\000s\000t\000r\000u\000c\000t\000o\000r\000\040\000\046\000\040\000D\000e\000s\000t\000r\000u\000c\000t\000o\000r\000\040\000D\000o\000c\000u\000m\000e\000n\000t\000a\000t\000i\000o\000n}{section.4.1}% 8
\BOOKMARK [3][-]{subsubsection.4.1.1.1}{\376\377\0004\000.\0001\000.\0001\000.\0001\000\040\000b\000o\000i\000d\000\050\000\051\000\040\000[\0001\000/\0003\000]}{subsection.4.1.1}% 9
\BOOKMARK [3][-]{subsubsection.4.1.1.2}{\376\377\0004\000.\0001\000.\0001\000.\0002\000\040\000b\000o\000i\000d\000\050\000\051\000\040\000[\0002\000/\0003\000]}{subsection.4.1.1}% 10
\BOOKMARK [3][-]{subsubsection.4.1.1.3}{\376\377\0004\000.\0001\000.\0001\000.\0003\000\040\000b\000o\000i\000d\000\050\000\051\000\040\000[\0003\000/\0003\000]}{subsection.4.1.1}% 11
\BOOKMARK [2][-]{subsection.4.1.2}{\376\377\0004\000.\0001\000.\0002\000\040\000M\000e\000m\000b\000e\000r\000\040\000F\000u\000n\000c\000t\000i\000o\000n\000\040\000D\000o\000c\000u\000m\000e\000n\000t\000a\000t\000i\000o\000n}{section.4.1}% 12
\BOOKMARK [3][-]{subsubsection.4.1.2.1}{\376\377\0004\000.\0001\000.\0002\000.\0001\000\040\000b\000o\000u\000n\000d\000P\000o\000s\000i\000t\000i\000o\000n\000\050\000\051}{subsection.4.1.2}% 13
\BOOKMARK [3][-]{subsubsection.4.1.2.2}{\376\377\0004\000.\0001\000.\0002\000.\0002\000\040\000g\000e\000t\000F\000l\000a\000p\000S\000t\000a\000t\000u\000s\000\050\000\051}{subsection.4.1.2}% 14
\BOOKMARK [3][-]{subsubsection.4.1.2.3}{\376\377\0004\000.\0001\000.\0002\000.\0003\000\040\000g\000e\000t\000P\000o\000s\000i\000t\000i\000o\000n\000\050\000\051}{subsection.4.1.2}% 15
\BOOKMARK [3][-]{subsubsection.4.1.2.4}{\376\377\0004\000.\0001\000.\0002\000.\0004\000\040\000g\000e\000t\000P\000r\000e\000v\000P\000o\000s\000T\000i\000m\000e\000\050\000\051}{subsection.4.1.2}% 16
\BOOKMARK [3][-]{subsubsection.4.1.2.5}{\376\377\0004\000.\0001\000.\0002\000.\0005\000\040\000g\000e\000t\000P\000r\000e\000v\000V\000e\000l\000o\000c\000i\000t\000y\000\050\000\051}{subsection.4.1.2}% 17
\BOOKMARK [3][-]{subsubsection.4.1.2.6}{\376\377\0004\000.\0001\000.\0002\000.\0006\000\040\000g\000e\000t\000V\000e\000l\000o\000c\000i\000t\000y\000\050\000\051}{subsection.4.1.2}% 18
\BOOKMARK [3][-]{subsubsection.4.1.2.7}{\376\377\0004\000.\0001\000.\0002\000.\0007\000\040\000m\000o\000v\000e\000B\000o\000i\000d\000T\000o\000N\000e\000w\000P\000o\000s\000\050\000\051}{subsection.4.1.2}% 19
\BOOKMARK [3][-]{subsubsection.4.1.2.8}{\376\377\0004\000.\0001\000.\0002\000.\0008\000\040\000r\000u\000l\000e\0001\000a\000n\000d\0002\000\050\000\051}{subsection.4.1.2}% 20
\BOOKMARK [3][-]{subsubsection.4.1.2.9}{\376\377\0004\000.\0001\000.\0002\000.\0009\000\040\000r\000u\000l\000e\0003\000\050\000\051}{subsection.4.1.2}% 21
\BOOKMARK [3][-]{subsubsection.4.1.2.10}{\376\377\0004\000.\0001\000.\0002\000.\0001\0000\000\040\000s\000e\000t\000F\000l\000a\000p\000S\000t\000a\000t\000u\000s\000\050\000\051}{subsection.4.1.2}% 22
\BOOKMARK [3][-]{subsubsection.4.1.2.11}{\376\377\0004\000.\0001\000.\0002\000.\0001\0001\000\040\000s\000e\000t\000P\000o\000s\000i\000t\000i\000o\000n\000\050\000\051}{subsection.4.1.2}% 23
\BOOKMARK [3][-]{subsubsection.4.1.2.12}{\376\377\0004\000.\0001\000.\0002\000.\0001\0002\000\040\000s\000e\000t\000P\000r\000e\000v\000P\000o\000s\000T\000i\000m\000e\000\050\000\051}{subsection.4.1.2}% 24
\BOOKMARK [3][-]{subsubsection.4.1.2.13}{\376\377\0004\000.\0001\000.\0002\000.\0001\0003\000\040\000s\000e\000t\000P\000r\000e\000v\000V\000e\000l\000o\000c\000i\000t\000y\000\050\000\051}{subsection.4.1.2}% 25
\BOOKMARK [3][-]{subsubsection.4.1.2.14}{\376\377\0004\000.\0001\000.\0002\000.\0001\0004\000\040\000s\000e\000t\000S\000y\000s\000t\000e\000m\000\050\000\051}{subsection.4.1.2}% 26
\BOOKMARK [3][-]{subsubsection.4.1.2.15}{\376\377\0004\000.\0001\000.\0002\000.\0001\0005\000\040\000s\000e\000t\000V\000e\000l\000o\000c\000i\000t\000y\000\050\000\051}{subsection.4.1.2}% 27
\BOOKMARK [3][-]{subsubsection.4.1.2.16}{\376\377\0004\000.\0001\000.\0002\000.\0001\0006\000\040\000s\000t\000r\000o\000n\000g\000W\000i\000n\000d\000\050\000\051}{subsection.4.1.2}% 28
\BOOKMARK [3][-]{subsubsection.4.1.2.17}{\376\377\0004\000.\0001\000.\0002\000.\0001\0007\000\040\000t\000e\000n\000d\000A\000w\000a\000y\000F\000r\000o\000m\000P\000l\000a\000c\000e\000\050\000\051}{subsection.4.1.2}% 29
\BOOKMARK [3][-]{subsubsection.4.1.2.18}{\376\377\0004\000.\0001\000.\0002\000.\0001\0008\000\040\000t\000e\000n\000d\000T\000o\000P\000l\000a\000c\000e\000\050\000\051}{subsection.4.1.2}% 30
\BOOKMARK [3][-]{subsubsection.4.1.2.19}{\376\377\0004\000.\0001\000.\0002\000.\0001\0009\000\040\000u\000p\000d\000a\000t\000e\000F\000l\000a\000p\000S\000t\000a\000t\000u\000s\000\050\000\051}{subsection.4.1.2}% 31
\BOOKMARK [2][-]{subsection.4.1.3}{\376\377\0004\000.\0001\000.\0003\000\040\000M\000e\000m\000b\000e\000r\000\040\000D\000a\000t\000a\000\040\000D\000o\000c\000u\000m\000e\000n\000t\000a\000t\000i\000o\000n}{section.4.1}% 32
\BOOKMARK [3][-]{subsubsection.4.1.3.1}{\376\377\0004\000.\0001\000.\0003\000.\0001\000\040\000f\000l\000a\000p\000S\000t\000a\000t\000u\000s}{subsection.4.1.3}% 33
\BOOKMARK [3][-]{subsubsection.4.1.3.2}{\376\377\0004\000.\0001\000.\0003\000.\0002\000\040\000p\000o\000s\000i\000t\000i\000o\000n}{subsection.4.1.3}% 34
\BOOKMARK [3][-]{subsubsection.4.1.3.3}{\376\377\0004\000.\0001\000.\0003\000.\0003\000\040\000p\000r\000e\000v\000P\000o\000s\000T\000i\000m\000e}{subsection.4.1.3}% 35
\BOOKMARK [3][-]{subsubsection.4.1.3.4}{\376\377\0004\000.\0001\000.\0003\000.\0004\000\040\000p\000r\000e\000v\000V\000e\000l\000o\000c\000i\000t\000y}{subsection.4.1.3}% 36
\BOOKMARK [3][-]{subsubsection.4.1.3.5}{\376\377\0004\000.\0001\000.\0003\000.\0005\000\040\000s\000y\000s}{subsection.4.1.3}% 37
\BOOKMARK [3][-]{subsubsection.4.1.3.6}{\376\377\0004\000.\0001\000.\0003\000.\0006\000\040\000v\000e\000l\000o\000c\000i\000t\000y}{subsection.4.1.3}% 38
\BOOKMARK [1][-]{section.4.2}{\376\377\0004\000.\0002\000\040\000o\000b\000s\000t\000a\000c\000l\000e\000\040\000C\000l\000a\000s\000s\000\040\000R\000e\000f\000e\000r\000e\000n\000c\000e}{chapter.4}% 39
\BOOKMARK [2][-]{subsection.4.2.1}{\376\377\0004\000.\0002\000.\0001\000\040\000M\000e\000m\000b\000e\000r\000\040\000F\000u\000n\000c\000t\000i\000o\000n\000\040\000D\000o\000c\000u\000m\000e\000n\000t\000a\000t\000i\000o\000n}{section.4.2}% 40
\BOOKMARK [3][-]{subsubsection.4.2.1.1}{\376\377\0004\000.\0002\000.\0001\000.\0001\000\040\000b\000o\000i\000d\000\050\000\051\000\040\000[\0001\000/\0002\000]}{subsection.4.2.1}% 41
\BOOKMARK [3][-]{subsubsection.4.2.1.2}{\376\377\0004\000.\0002\000.\0001\000.\0002\000\040\000b\000o\000i\000d\000\050\000\051\000\040\000[\0002\000/\0002\000]}{subsection.4.2.1}% 42
\BOOKMARK [3][-]{subsubsection.4.2.1.3}{\376\377\0004\000.\0002\000.\0001\000.\0003\000\040\000b\000o\000u\000n\000d\000P\000o\000s\000i\000t\000i\000o\000n\000\050\000\051}{subsection.4.2.1}% 43
\BOOKMARK [3][-]{subsubsection.4.2.1.4}{\376\377\0004\000.\0002\000.\0001\000.\0004\000\040\000g\000e\000t\000F\000l\000a\000p\000S\000t\000a\000t\000u\000s\000\050\000\051}{subsection.4.2.1}% 44
\BOOKMARK [3][-]{subsubsection.4.2.1.5}{\376\377\0004\000.\0002\000.\0001\000.\0005\000\040\000g\000e\000t\000P\000o\000s\000i\000t\000i\000o\000n\000\050\000\051}{subsection.4.2.1}% 45
\BOOKMARK [3][-]{subsubsection.4.2.1.6}{\376\377\0004\000.\0002\000.\0001\000.\0006\000\040\000g\000e\000t\000P\000r\000e\000v\000P\000o\000s\000T\000i\000m\000e\000\050\000\051}{subsection.4.2.1}% 46
\BOOKMARK [3][-]{subsubsection.4.2.1.7}{\376\377\0004\000.\0002\000.\0001\000.\0007\000\040\000g\000e\000t\000V\000e\000l\000o\000c\000i\000t\000y\000\050\000\051}{subsection.4.2.1}% 47
\BOOKMARK [3][-]{subsubsection.4.2.1.8}{\376\377\0004\000.\0002\000.\0001\000.\0008\000\040\000l\000i\000m\000i\000t\000V\000e\000l\000o\000c\000i\000t\000y\000\050\000\051}{subsection.4.2.1}% 48
\BOOKMARK [3][-]{subsubsection.4.2.1.9}{\376\377\0004\000.\0002\000.\0001\000.\0009\000\040\000m\000o\000v\000e\000B\000o\000i\000d\000T\000o\000N\000e\000w\000P\000o\000s\000\050\000\051}{subsection.4.2.1}% 49
\BOOKMARK [3][-]{subsubsection.4.2.1.10}{\376\377\0004\000.\0002\000.\0001\000.\0001\0000\000\040\000o\000p\000e\000r\000a\000t\000o\000r\000\050\000\051\000\050\000\051}{subsection.4.2.1}% 50
\BOOKMARK [3][-]{subsubsection.4.2.1.11}{\376\377\0004\000.\0002\000.\0001\000.\0001\0001\000\040\000r\000u\000l\000e\0001\000a\000n\000d\0002\000\050\000\051}{subsection.4.2.1}% 51
\BOOKMARK [3][-]{subsubsection.4.2.1.12}{\376\377\0004\000.\0002\000.\0001\000.\0001\0002\000\040\000r\000u\000l\000e\0003\000\050\000\051}{subsection.4.2.1}% 52
\BOOKMARK [3][-]{subsubsection.4.2.1.13}{\376\377\0004\000.\0002\000.\0001\000.\0001\0003\000\040\000s\000e\000t\000P\000o\000s\000i\000t\000i\000o\000n\000\050\000\051}{subsection.4.2.1}% 53
\BOOKMARK [3][-]{subsubsection.4.2.1.14}{\376\377\0004\000.\0002\000.\0001\000.\0001\0004\000\040\000s\000e\000t\000P\000r\000e\000v\000P\000o\000s\000T\000i\000m\000e\000\050\000\051}{subsection.4.2.1}% 54
\BOOKMARK [3][-]{subsubsection.4.2.1.15}{\376\377\0004\000.\0002\000.\0001\000.\0001\0005\000\040\000s\000e\000t\000V\000e\000l\000o\000c\000i\000t\000y\000\050\000\051}{subsection.4.2.1}% 55
\BOOKMARK [3][-]{subsubsection.4.2.1.16}{\376\377\0004\000.\0002\000.\0001\000.\0001\0006\000\040\000s\000t\000r\000o\000n\000g\000W\000i\000n\000d\000\050\000\051}{subsection.4.2.1}% 56
\BOOKMARK [3][-]{subsubsection.4.2.1.17}{\376\377\0004\000.\0002\000.\0001\000.\0001\0007\000\040\000t\000e\000n\000d\000A\000w\000a\000y\000F\000r\000o\000m\000P\000l\000a\000c\000e\000\050\000\051}{subsection.4.2.1}% 57
\BOOKMARK [3][-]{subsubsection.4.2.1.18}{\376\377\0004\000.\0002\000.\0001\000.\0001\0008\000\040\000t\000e\000n\000d\000T\000o\000P\000l\000a\000c\000e\000\050\000\051}{subsection.4.2.1}% 58
\BOOKMARK [3][-]{subsubsection.4.2.1.19}{\376\377\0004\000.\0002\000.\0001\000.\0001\0009\000\040\000u\000p\000d\000a\000t\000e\000F\000l\000a\000p\000S\000t\000a\000t\000u\000s\000\050\000\051}{subsection.4.2.1}% 59
\BOOKMARK [2][-]{subsection.4.2.2}{\376\377\0004\000.\0002\000.\0002\000\040\000M\000e\000m\000b\000e\000r\000\040\000D\000a\000t\000a\000\040\000D\000o\000c\000u\000m\000e\000n\000t\000a\000t\000i\000o\000n}{section.4.2}% 60
\BOOKMARK [3][-]{subsubsection.4.2.2.1}{\376\377\0004\000.\0002\000.\0002\000.\0001\000\040\000f\000l\000a\000p\000S\000t\000a\000t\000u\000s}{subsection.4.2.2}% 61
\BOOKMARK [3][-]{subsubsection.4.2.2.2}{\376\377\0004\000.\0002\000.\0002\000.\0002\000\040\000p\000o\000s\000i\000t\000i\000o\000n}{subsection.4.2.2}% 62
\BOOKMARK [3][-]{subsubsection.4.2.2.3}{\376\377\0004\000.\0002\000.\0002\000.\0003\000\040\000p\000r\000e\000v\000P\000o\000s\000T\000i\000m\000e}{subsection.4.2.2}% 63
\BOOKMARK [3][-]{subsubsection.4.2.2.4}{\376\377\0004\000.\0002\000.\0002\000.\0004\000\040\000p\000r\000e\000v\000V\000e\000l\000o\000c\000i\000t\000y}{subsection.4.2.2}% 64
\BOOKMARK [3][-]{subsubsection.4.2.2.5}{\376\377\0004\000.\0002\000.\0002\000.\0005\000\040\000v\000e\000l\000o\000c\000i\000t\000y}{subsection.4.2.2}% 65
\BOOKMARK [1][-]{section.4.3}{\376\377\0004\000.\0003\000\040\000p\000r\000e\000d\000a\000t\000o\000r\000\040\000C\000l\000a\000s\000s\000\040\000R\000e\000f\000e\000r\000e\000n\000c\000e}{chapter.4}% 66
\BOOKMARK [2][-]{subsection.4.3.1}{\376\377\0004\000.\0003\000.\0001\000\040\000C\000o\000n\000s\000t\000r\000u\000c\000t\000o\000r\000\040\000\046\000\040\000D\000e\000s\000t\000r\000u\000c\000t\000o\000r\000\040\000D\000o\000c\000u\000m\000e\000n\000t\000a\000t\000i\000o\000n}{section.4.3}% 67
\BOOKMARK [3][-]{subsubsection.4.3.1.1}{\376\377\0004\000.\0003\000.\0001\000.\0001\000\040\000p\000r\000e\000d\000a\000t\000o\000r\000\050\000\051\000\040\000[\0001\000/\0003\000]}{subsection.4.3.1}% 68
\BOOKMARK [3][-]{subsubsection.4.3.1.2}{\376\377\0004\000.\0003\000.\0001\000.\0002\000\040\000p\000r\000e\000d\000a\000t\000o\000r\000\050\000\051\000\040\000[\0002\000/\0003\000]}{subsection.4.3.1}% 69
\BOOKMARK [3][-]{subsubsection.4.3.1.3}{\376\377\0004\000.\0003\000.\0001\000.\0003\000\040\000p\000r\000e\000d\000a\000t\000o\000r\000\050\000\051\000\040\000[\0003\000/\0003\000]}{subsection.4.3.1}% 70
\BOOKMARK [2][-]{subsection.4.3.2}{\376\377\0004\000.\0003\000.\0002\000\040\000M\000e\000m\000b\000e\000r\000\040\000F\000u\000n\000c\000t\000i\000o\000n\000\040\000D\000o\000c\000u\000m\000e\000n\000t\000a\000t\000i\000o\000n}{section.4.3}% 71
\BOOKMARK [3][-]{subsubsection.4.3.2.1}{\376\377\0004\000.\0003\000.\0002\000.\0001\000\040\000b\000o\000u\000n\000d\000P\000o\000s\000i\000t\000i\000o\000n\000\050\000\051}{subsection.4.3.2}% 72
\BOOKMARK [3][-]{subsubsection.4.3.2.2}{\376\377\0004\000.\0003\000.\0002\000.\0002\000\040\000g\000e\000t\000F\000l\000a\000p\000S\000t\000a\000t\000u\000s\000\050\000\051}{subsection.4.3.2}% 73
\BOOKMARK [3][-]{subsubsection.4.3.2.3}{\376\377\0004\000.\0003\000.\0002\000.\0003\000\040\000g\000e\000t\000P\000o\000s\000i\000t\000i\000o\000n\000\050\000\051}{subsection.4.3.2}% 74
\BOOKMARK [3][-]{subsubsection.4.3.2.4}{\376\377\0004\000.\0003\000.\0002\000.\0004\000\040\000g\000e\000t\000P\000r\000e\000v\000P\000o\000s\000T\000i\000m\000e\000\050\000\051}{subsection.4.3.2}% 75
\BOOKMARK [3][-]{subsubsection.4.3.2.5}{\376\377\0004\000.\0003\000.\0002\000.\0005\000\040\000g\000e\000t\000P\000r\000e\000v\000V\000e\000l\000o\000c\000i\000t\000y\000\050\000\051}{subsection.4.3.2}% 76
\BOOKMARK [3][-]{subsubsection.4.3.2.6}{\376\377\0004\000.\0003\000.\0002\000.\0006\000\040\000g\000e\000t\000V\000e\000l\000o\000c\000i\000t\000y\000\050\000\051}{subsection.4.3.2}% 77
\BOOKMARK [3][-]{subsubsection.4.3.2.7}{\376\377\0004\000.\0003\000.\0002\000.\0007\000\040\000m\000o\000v\000e\000P\000r\000e\000d\000a\000t\000o\000r\000T\000o\000N\000e\000w\000P\000o\000s\000\050\000\051}{subsection.4.3.2}% 78
\BOOKMARK [3][-]{subsubsection.4.3.2.8}{\376\377\0004\000.\0003\000.\0002\000.\0008\000\040\000r\000u\000l\000e\0001\000\050\000\051}{subsection.4.3.2}% 79
\BOOKMARK [3][-]{subsubsection.4.3.2.9}{\376\377\0004\000.\0003\000.\0002\000.\0009\000\040\000r\000u\000l\000e\0003\000\050\000\051}{subsection.4.3.2}% 80
\BOOKMARK [3][-]{subsubsection.4.3.2.10}{\376\377\0004\000.\0003\000.\0002\000.\0001\0000\000\040\000s\000e\000t\000F\000l\000a\000p\000S\000t\000a\000t\000u\000s\000\050\000\051}{subsection.4.3.2}% 81
\BOOKMARK [3][-]{subsubsection.4.3.2.11}{\376\377\0004\000.\0003\000.\0002\000.\0001\0001\000\040\000s\000e\000t\000P\000o\000s\000i\000t\000i\000o\000n\000\050\000\051}{subsection.4.3.2}% 82
\BOOKMARK [3][-]{subsubsection.4.3.2.12}{\376\377\0004\000.\0003\000.\0002\000.\0001\0002\000\040\000s\000e\000t\000P\000r\000e\000v\000P\000o\000s\000T\000i\000m\000e\000\050\000\051}{subsection.4.3.2}% 83
\BOOKMARK [3][-]{subsubsection.4.3.2.13}{\376\377\0004\000.\0003\000.\0002\000.\0001\0003\000\040\000s\000e\000t\000P\000r\000e\000v\000V\000e\000l\000o\000c\000i\000t\000y\000\050\000\051}{subsection.4.3.2}% 84
\BOOKMARK [3][-]{subsubsection.4.3.2.14}{\376\377\0004\000.\0003\000.\0002\000.\0001\0004\000\040\000s\000e\000t\000S\000y\000s\000t\000e\000m\000\050\000\051}{subsection.4.3.2}% 85
\BOOKMARK [3][-]{subsubsection.4.3.2.15}{\376\377\0004\000.\0003\000.\0002\000.\0001\0005\000\040\000s\000e\000t\000V\000e\000l\000o\000c\000i\000t\000y\000\050\000\051}{subsection.4.3.2}% 86
\BOOKMARK [3][-]{subsubsection.4.3.2.16}{\376\377\0004\000.\0003\000.\0002\000.\0001\0006\000\040\000s\000t\000r\000o\000n\000g\000W\000i\000n\000d\000\050\000\051}{subsection.4.3.2}% 87
\BOOKMARK [3][-]{subsubsection.4.3.2.17}{\376\377\0004\000.\0003\000.\0002\000.\0001\0007\000\040\000t\000e\000n\000d\000A\000w\000a\000y\000F\000r\000o\000m\000P\000l\000a\000c\000e\000\050\000\051}{subsection.4.3.2}% 88
\BOOKMARK [3][-]{subsubsection.4.3.2.18}{\376\377\0004\000.\0003\000.\0002\000.\0001\0008\000\040\000t\000e\000n\000d\000T\000o\000P\000l\000a\000c\000e\000\050\000\051}{subsection.4.3.2}% 89
\BOOKMARK [3][-]{subsubsection.4.3.2.19}{\376\377\0004\000.\0003\000.\0002\000.\0001\0009\000\040\000u\000p\000d\000a\000t\000e\000F\000l\000a\000p\000S\000t\000a\000t\000u\000s\000\050\000\051}{subsection.4.3.2}% 90
\BOOKMARK [2][-]{subsection.4.3.3}{\376\377\0004\000.\0003\000.\0003\000\040\000M\000e\000m\000b\000e\000r\000\040\000D\000a\000t\000a\000\040\000D\000o\000c\000u\000m\000e\000n\000t\000a\000t\000i\000o\000n}{section.4.3}% 91
\BOOKMARK [3][-]{subsubsection.4.3.3.1}{\376\377\0004\000.\0003\000.\0003\000.\0001\000\040\000f\000l\000a\000p\000S\000t\000a\000t\000u\000s}{subsection.4.3.3}% 92
\BOOKMARK [3][-]{subsubsection.4.3.3.2}{\376\377\0004\000.\0003\000.\0003\000.\0002\000\040\000p\000o\000s\000i\000t\000i\000o\000n}{subsection.4.3.3}% 93
\BOOKMARK [3][-]{subsubsection.4.3.3.3}{\376\377\0004\000.\0003\000.\0003\000.\0003\000\040\000p\000r\000e\000v\000P\000o\000s\000T\000i\000m\000e}{subsection.4.3.3}% 94
\BOOKMARK [3][-]{subsubsection.4.3.3.4}{\376\377\0004\000.\0003\000.\0003\000.\0004\000\040\000p\000r\000e\000v\000V\000e\000l\000o\000c\000i\000t\000y}{subsection.4.3.3}% 95
\BOOKMARK [3][-]{subsubsection.4.3.3.5}{\376\377\0004\000.\0003\000.\0003\000.\0005\000\040\000s\000y\000s}{subsection.4.3.3}% 96
\BOOKMARK [3][-]{subsubsection.4.3.3.6}{\376\377\0004\000.\0003\000.\0003\000.\0006\000\040\000v\000e\000l\000o\000c\000i\000t\000y}{subsection.4.3.3}% 97
\BOOKMARK [1][-]{section.4.4}{\376\377\0004\000.\0004\000\040\000s\000y\000s\000t\000e\000m\000\040\000C\000l\000a\000s\000s\000\040\000R\000e\000f\000e\000r\000e\000n\000c\000e}{chapter.4}% 98
\BOOKMARK [2][-]{subsection.4.4.1}{\376\377\0004\000.\0004\000.\0001\000\040\000C\000o\000n\000s\000t\000r\000u\000c\000t\000o\000r\000\040\000\046\000\040\000D\000e\000s\000t\000r\000u\000c\000t\000o\000r\000\040\000D\000o\000c\000u\000m\000e\000n\000t\000a\000t\000i\000o\000n}{section.4.4}% 99
\BOOKMARK [3][-]{subsubsection.4.4.1.1}{\376\377\0004\000.\0004\000.\0001\000.\0001\000\040\000s\000y\000s\000t\000e\000m\000\050\000\051}{subsection.4.4.1}% 100
\BOOKMARK [2][-]{subsection.4.4.2}{\376\377\0004\000.\0004\000.\0002\000\040\000M\000e\000m\000b\000e\000r\000\040\000F\000u\000n\000c\000t\000i\000o\000n\000\040\000D\000o\000c\000u\000m\000e\000n\000t\000a\000t\000i\000o\000n}{section.4.4}% 101
\BOOKMARK [3][-]{subsubsection.4.4.2.1}{\376\377\0004\000.\0004\000.\0002\000.\0001\000\040\000a\000d\000d\000B\000o\000i\000d\000\050\000\051\000\040\000[\0001\000/\0004\000]}{subsection.4.4.2}% 102
\BOOKMARK [3][-]{subsubsection.4.4.2.2}{\376\377\0004\000.\0004\000.\0002\000.\0002\000\040\000a\000d\000d\000B\000o\000i\000d\000\050\000\051\000\040\000[\0002\000/\0004\000]}{subsection.4.4.2}% 103
\BOOKMARK [3][-]{subsubsection.4.4.2.3}{\376\377\0004\000.\0004\000.\0002\000.\0003\000\040\000a\000d\000d\000B\000o\000i\000d\000\050\000\051\000\040\000[\0003\000/\0004\000]}{subsection.4.4.2}% 104
\BOOKMARK [3][-]{subsubsection.4.4.2.4}{\376\377\0004\000.\0004\000.\0002\000.\0004\000\040\000a\000d\000d\000B\000o\000i\000d\000\050\000\051\000\040\000[\0004\000/\0004\000]}{subsection.4.4.2}% 105
\BOOKMARK [3][-]{subsubsection.4.4.2.5}{\376\377\0004\000.\0004\000.\0002\000.\0005\000\040\000a\000d\000d\000O\000b\000s\000t\000a\000c\000l\000e\000\050\000\051\000\040\000[\0001\000/\0002\000]}{subsection.4.4.2}% 106
\BOOKMARK [3][-]{subsubsection.4.4.2.6}{\376\377\0004\000.\0004\000.\0002\000.\0006\000\040\000a\000d\000d\000O\000b\000s\000t\000a\000c\000l\000e\000\050\000\051\000\040\000[\0002\000/\0002\000]}{subsection.4.4.2}% 107
\BOOKMARK [3][-]{subsubsection.4.4.2.7}{\376\377\0004\000.\0004\000.\0002\000.\0007\000\040\000a\000d\000d\000P\000r\000e\000d\000a\000t\000o\000r\000\050\000\051\000\040\000[\0001\000/\0004\000]}{subsection.4.4.2}% 108
\BOOKMARK [3][-]{subsubsection.4.4.2.8}{\376\377\0004\000.\0004\000.\0002\000.\0008\000\040\000a\000d\000d\000P\000r\000e\000d\000a\000t\000o\000r\000\050\000\051\000\040\000[\0002\000/\0004\000]}{subsection.4.4.2}% 109
\BOOKMARK [3][-]{subsubsection.4.4.2.9}{\376\377\0004\000.\0004\000.\0002\000.\0009\000\040\000a\000d\000d\000P\000r\000e\000d\000a\000t\000o\000r\000\050\000\051\000\040\000[\0003\000/\0004\000]}{subsection.4.4.2}% 110
\BOOKMARK [3][-]{subsubsection.4.4.2.10}{\376\377\0004\000.\0004\000.\0002\000.\0001\0000\000\040\000a\000d\000d\000P\000r\000e\000d\000a\000t\000o\000r\000\050\000\051\000\040\000[\0004\000/\0004\000]}{subsection.4.4.2}% 111
\BOOKMARK [3][-]{subsubsection.4.4.2.11}{\376\377\0004\000.\0004\000.\0002\000.\0001\0001\000\040\000f\000i\000n\000d\000N\000e\000a\000r\000e\000s\000t\000B\000o\000i\000d\000\050\000\051}{subsection.4.4.2}% 112
\BOOKMARK [3][-]{subsubsection.4.4.2.12}{\376\377\0004\000.\0004\000.\0002\000.\0001\0002\000\040\000f\000i\000n\000d\000N\000e\000i\000g\000h\000b\000o\000u\000r\000i\000n\000g\000B\000o\000i\000d\000s\000\050\000\051\000\040\000[\0001\000/\0002\000]}{subsection.4.4.2}% 113
\BOOKMARK [3][-]{subsubsection.4.4.2.13}{\376\377\0004\000.\0004\000.\0002\000.\0001\0003\000\040\000f\000i\000n\000d\000N\000e\000i\000g\000h\000b\000o\000u\000r\000i\000n\000g\000B\000o\000i\000d\000s\000\050\000\051\000\040\000[\0002\000/\0002\000]}{subsection.4.4.2}% 114
\BOOKMARK [3][-]{subsubsection.4.4.2.14}{\376\377\0004\000.\0004\000.\0002\000.\0001\0004\000\040\000f\000i\000n\000d\000O\000b\000s\000t\000a\000c\000l\000e\000s\000F\000o\000r\000P\000r\000e\000d\000a\000t\000o\000r\000\050\000\051}{subsection.4.4.2}% 115
\BOOKMARK [3][-]{subsubsection.4.4.2.15}{\376\377\0004\000.\0004\000.\0002\000.\0001\0005\000\040\000f\000i\000n\000d\000V\000e\000r\000y\000C\000l\000o\000s\000e\000O\000b\000j\000e\000c\000t\000s\000\050\000\051}{subsection.4.4.2}% 116
\BOOKMARK [3][-]{subsubsection.4.4.2.16}{\376\377\0004\000.\0004\000.\0002\000.\0001\0006\000\040\000f\000l\000o\000c\000k\000\050\000\051}{subsection.4.4.2}% 117
\BOOKMARK [3][-]{subsubsection.4.4.2.17}{\376\377\0004\000.\0004\000.\0002\000.\0001\0007\000\040\000g\000e\000t\000B\000o\000i\000d\000s\000\050\000\051}{subsection.4.4.2}% 118
\BOOKMARK [3][-]{subsubsection.4.4.2.18}{\376\377\0004\000.\0004\000.\0002\000.\0001\0008\000\040\000g\000e\000t\000N\000u\000m\000B\000o\000i\000d\000s\000\050\000\051}{subsection.4.4.2}% 119
\BOOKMARK [3][-]{subsubsection.4.4.2.19}{\376\377\0004\000.\0004\000.\0002\000.\0001\0009\000\040\000g\000e\000t\000N\000u\000m\000O\000b\000s\000t\000a\000c\000l\000e\000s\000\050\000\051}{subsection.4.4.2}% 120
\BOOKMARK [3][-]{subsubsection.4.4.2.20}{\376\377\0004\000.\0004\000.\0002\000.\0002\0000\000\040\000g\000e\000t\000N\000u\000m\000P\000r\000e\000d\000a\000t\000o\000r\000s\000\050\000\051}{subsection.4.4.2}% 121
\BOOKMARK [3][-]{subsubsection.4.4.2.21}{\376\377\0004\000.\0004\000.\0002\000.\0002\0001\000\040\000g\000e\000t\000O\000b\000s\000t\000a\000c\000l\000e\000s\000\050\000\051}{subsection.4.4.2}% 122
\BOOKMARK [3][-]{subsubsection.4.4.2.22}{\376\377\0004\000.\0004\000.\0002\000.\0002\0002\000\040\000g\000e\000t\000P\000r\000e\000d\000a\000t\000o\000r\000s\000\050\000\051}{subsection.4.4.2}% 123
\BOOKMARK [3][-]{subsubsection.4.4.2.23}{\376\377\0004\000.\0004\000.\0002\000.\0002\0003\000\040\000g\000e\000t\000W\000i\000n\000d\000\050\000\051}{subsection.4.4.2}% 124
\BOOKMARK [3][-]{subsubsection.4.4.2.24}{\376\377\0004\000.\0004\000.\0002\000.\0002\0004\000\040\000g\000e\000t\000W\000i\000n\000d\000P\000r\000e\000s\000e\000n\000t\000\050\000\051}{subsection.4.4.2}% 125
\BOOKMARK [3][-]{subsubsection.4.4.2.25}{\376\377\0004\000.\0004\000.\0002\000.\0002\0005\000\040\000s\000e\000t\000N\000u\000m\000B\000o\000i\000d\000s\000\050\000\051}{subsection.4.4.2}% 126
\BOOKMARK [3][-]{subsubsection.4.4.2.26}{\376\377\0004\000.\0004\000.\0002\000.\0002\0006\000\040\000s\000e\000t\000N\000u\000m\000O\000b\000s\000t\000a\000c\000l\000e\000s\000\050\000\051}{subsection.4.4.2}% 127
\BOOKMARK [3][-]{subsubsection.4.4.2.27}{\376\377\0004\000.\0004\000.\0002\000.\0002\0007\000\040\000s\000e\000t\000N\000u\000m\000P\000r\000e\000d\000a\000t\000o\000r\000s\000\050\000\051}{subsection.4.4.2}% 128
\BOOKMARK [3][-]{subsubsection.4.4.2.28}{\376\377\0004\000.\0004\000.\0002\000.\0002\0008\000\040\000s\000e\000t\000W\000i\000n\000d\000\050\000\051}{subsection.4.4.2}% 129
\BOOKMARK [3][-]{subsubsection.4.4.2.29}{\376\377\0004\000.\0004\000.\0002\000.\0002\0009\000\040\000s\000e\000t\000W\000i\000n\000d\000P\000r\000e\000s\000e\000n\000t\000\050\000\051}{subsection.4.4.2}% 130
\BOOKMARK [3][-]{subsubsection.4.4.2.30}{\376\377\0004\000.\0004\000.\0002\000.\0003\0000\000\040\000s\000t\000a\000r\000t\000W\000i\000t\000h\000B\000o\000i\000d\000s\000\050\000\051}{subsection.4.4.2}% 131
\BOOKMARK [3][-]{subsubsection.4.4.2.31}{\376\377\0004\000.\0004\000.\0002\000.\0003\0001\000\040\000u\000p\000d\000a\000t\000e\000S\000y\000s\000t\000e\000m\000\050\000\051}{subsection.4.4.2}% 132
\BOOKMARK [2][-]{subsection.4.4.3}{\376\377\0004\000.\0004\000.\0003\000\040\000M\000e\000m\000b\000e\000r\000\040\000D\000a\000t\000a\000\040\000D\000o\000c\000u\000m\000e\000n\000t\000a\000t\000i\000o\000n}{section.4.4}% 133
\BOOKMARK [3][-]{subsubsection.4.4.3.1}{\376\377\0004\000.\0004\000.\0003\000.\0001\000\040\000b\000o\000i\000d\000s\000\040\000[\0001\000/\0002\000]}{subsection.4.4.3}% 134
\BOOKMARK [3][-]{subsubsection.4.4.3.2}{\376\377\0004\000.\0004\000.\0003\000.\0002\000\040\000b\000o\000i\000d\000s\000\040\000[\0002\000/\0002\000]}{subsection.4.4.3}% 135
\BOOKMARK [3][-]{subsubsection.4.4.3.3}{\376\377\0004\000.\0004\000.\0003\000.\0003\000\040\000n\000u\000m\000B\000o\000i\000d\000s}{subsection.4.4.3}% 136
\BOOKMARK [3][-]{subsubsection.4.4.3.4}{\376\377\0004\000.\0004\000.\0003\000.\0004\000\040\000n\000u\000m\000O\000b\000s\000t\000a\000c\000l\000e\000s}{subsection.4.4.3}% 137
\BOOKMARK [3][-]{subsubsection.4.4.3.5}{\376\377\0004\000.\0004\000.\0003\000.\0005\000\040\000n\000u\000m\000P\000r\000e\000d\000a\000t\000o\000r\000s}{subsection.4.4.3}% 138
\BOOKMARK [3][-]{subsubsection.4.4.3.6}{\376\377\0004\000.\0004\000.\0003\000.\0006\000\040\000o\000b\000s\000t\000a\000c\000l\000e\000s\000\040\000[\0001\000/\0002\000]}{subsection.4.4.3}% 139
\BOOKMARK [3][-]{subsubsection.4.4.3.7}{\376\377\0004\000.\0004\000.\0003\000.\0007\000\040\000o\000b\000s\000t\000a\000c\000l\000e\000s\000\040\000[\0002\000/\0002\000]}{subsection.4.4.3}% 140
\BOOKMARK [3][-]{subsubsection.4.4.3.8}{\376\377\0004\000.\0004\000.\0003\000.\0008\000\040\000p\000r\000e\000d\000a\000t\000o\000r\000s\000\040\000[\0001\000/\0002\000]}{subsection.4.4.3}% 141
\BOOKMARK [3][-]{subsubsection.4.4.3.9}{\376\377\0004\000.\0004\000.\0003\000.\0009\000\040\000p\000r\000e\000d\000a\000t\000o\000r\000s\000\040\000[\0002\000/\0002\000]}{subsection.4.4.3}% 142
\BOOKMARK [3][-]{subsubsection.4.4.3.10}{\376\377\0004\000.\0004\000.\0003\000.\0001\0000\000\040\000w\000i\000n\000d}{subsection.4.4.3}% 143
\BOOKMARK [3][-]{subsubsection.4.4.3.11}{\376\377\0004\000.\0004\000.\0003\000.\0001\0001\000\040\000w\000i\000n\000d\000P\000r\000e\000s\000e\000n\000t}{subsection.4.4.3}% 144
\BOOKMARK [0][-]{chapter.5}{\376\377\0005\000\040\000F\000i\000l\000e\000\040\000D\000o\000c\000u\000m\000e\000n\000t\000a\000t\000i\000o\000n}{}% 145
\BOOKMARK [1][-]{section.5.1}{\376\377\0005\000.\0001\000\040\000/\000U\000s\000e\000r\000s\000/\000m\000a\000d\000h\000u\000r\000/\000D\000o\000c\000u\000m\000e\000n\000t\000s\000/\000S\000e\000m\000\040\0006\000/\000C\000O\000P\0002\0009\0000\000/\000A\000s\000s\000i\000g\000n\000m\000e\000n\000t\000\040\0002\000/\000g\000i\000t\000/\000C\000o\000d\000e\000/\000i\000n\000c\000l\000u\000d\000e\000/\000b\000o\000i\000d\000.\000h\000\040\000F\000i\000l\000e\000\040\000R\000e\000f\000e\000r\000e\000n\000c\000e}{chapter.5}% 146
\BOOKMARK [2][-]{subsection.5.1.1}{\376\377\0005\000.\0001\000.\0001\000\040\000M\000a\000c\000r\000o\000\040\000D\000e\000f\000i\000n\000i\000t\000i\000o\000n\000\040\000D\000o\000c\000u\000m\000e\000n\000t\000a\000t\000i\000o\000n}{section.5.1}% 147
\BOOKMARK [3][-]{subsubsection.5.1.1.1}{\376\377\0005\000.\0001\000.\0001\000.\0001\000\040\000m\000a\000x\000D\000i\000s\000t\000F\000o\000r\000R\000u\000l\000e\0001}{subsection.5.1.1}% 148
\BOOKMARK [1][-]{section.5.2}{\376\377\0005\000.\0002\000\040\000/\000U\000s\000e\000r\000s\000/\000m\000a\000d\000h\000u\000r\000/\000D\000o\000c\000u\000m\000e\000n\000t\000s\000/\000S\000e\000m\000\040\0006\000/\000C\000O\000P\0002\0009\0000\000/\000A\000s\000s\000i\000g\000n\000m\000e\000n\000t\000\040\0002\000/\000g\000i\000t\000/\000C\000o\000d\000e\000/\000i\000n\000c\000l\000u\000d\000e\000/\000c\000o\000n\000t\000r\000o\000l\000s\000.\000h\000\040\000F\000i\000l\000e\000\040\000R\000e\000f\000e\000r\000e\000n\000c\000e}{chapter.5}% 149
\BOOKMARK [2][-]{subsection.5.2.1}{\376\377\0005\000.\0002\000.\0001\000\040\000F\000u\000n\000c\000t\000i\000o\000n\000\040\000D\000o\000c\000u\000m\000e\000n\000t\000a\000t\000i\000o\000n}{section.5.2}% 150
\BOOKMARK [3][-]{subsubsection.5.2.1.1}{\376\377\0005\000.\0002\000.\0001\000.\0001\000\040\000c\000o\000m\000p\000u\000t\000e\000M\000a\000t\000r\000i\000c\000e\000s\000F\000r\000o\000m\000I\000n\000p\000u\000t\000s\000\050\000\051}{subsection.5.2.1}% 151
\BOOKMARK [3][-]{subsubsection.5.2.1.2}{\376\377\0005\000.\0002\000.\0001\000.\0002\000\040\000g\000e\000t\000M\000o\000d\000e\000l\000M\000a\000t\000r\000i\000x\000\050\000\051}{subsection.5.2.1}% 152
\BOOKMARK [3][-]{subsubsection.5.2.1.3}{\376\377\0005\000.\0002\000.\0001\000.\0003\000\040\000g\000e\000t\000P\000r\000o\000j\000e\000c\000t\000i\000o\000n\000M\000a\000t\000r\000i\000x\000\050\000\051}{subsection.5.2.1}% 153
\BOOKMARK [3][-]{subsubsection.5.2.1.4}{\376\377\0005\000.\0002\000.\0001\000.\0004\000\040\000g\000e\000t\000V\000i\000e\000w\000M\000a\000t\000r\000i\000x\000\050\000\051}{subsection.5.2.1}% 154
\BOOKMARK [1][-]{section.5.3}{\376\377\0005\000.\0003\000\040\000/\000U\000s\000e\000r\000s\000/\000m\000a\000d\000h\000u\000r\000/\000D\000o\000c\000u\000m\000e\000n\000t\000s\000/\000S\000e\000m\000\040\0006\000/\000C\000O\000P\0002\0009\0000\000/\000A\000s\000s\000i\000g\000n\000m\000e\000n\000t\000\040\0002\000/\000g\000i\000t\000/\000C\000o\000d\000e\000/\000i\000n\000c\000l\000u\000d\000e\000/\000f\000l\000o\000c\000k\000.\000h\000\040\000F\000i\000l\000e\000\040\000R\000e\000f\000e\000r\000e\000n\000c\000e}{chapter.5}% 155
\BOOKMARK [1][-]{section.5.4}{\376\377\0005\000.\0004\000\040\000/\000U\000s\000e\000r\000s\000/\000m\000a\000d\000h\000u\000r\000/\000D\000o\000c\000u\000m\000e\000n\000t\000s\000/\000S\000e\000m\000\040\0006\000/\000C\000O\000P\0002\0009\0000\000/\000A\000s\000s\000i\000g\000n\000m\000e\000n\000t\000\040\0002\000/\000g\000i\000t\000/\000C\000o\000d\000e\000/\000i\000n\000c\000l\000u\000d\000e\000/\000o\000b\000s\000t\000a\000c\000l\000e\000.\000h\000\040\000F\000i\000l\000e\000\040\000R\000e\000f\000e\000r\000e\000n\000c\000e}{chapter.5}% 156
\BOOKMARK [1][-]{section.5.5}{\376\377\0005\000.\0005\000\040\000/\000U\000s\000e\000r\000s\000/\000m\000a\000d\000h\000u\000r\000/\000D\000o\000c\000u\000m\000e\000n\000t\000s\000/\000S\000e\000m\000\040\0006\000/\000C\000O\000P\0002\0009\0000\000/\000A\000s\000s\000i\000g\000n\000m\000e\000n\000t\000\040\0002\000/\000g\000i\000t\000/\000C\000o\000d\000e\000/\000i\000n\000c\000l\000u\000d\000e\000/\000p\000a\000r\000a\000m\000s\000.\000h\000\040\000F\000i\000l\000e\000\040\000R\000e\000f\000e\000r\000e\000n\000c\000e}{chapter.5}% 157
\BOOKMARK [2][-]{subsection.5.5.1}{\376\377\0005\000.\0005\000.\0001\000\040\000M\000a\000c\000r\000o\000\040\000D\000e\000f\000i\000n\000i\000t\000i\000o\000n\000\040\000D\000o\000c\000u\000m\000e\000n\000t\000a\000t\000i\000o\000n}{section.5.5}% 158
\BOOKMARK [3][-]{subsubsection.5.5.1.1}{\376\377\0005\000.\0005\000.\0001\000.\0001\000\040\000f\000l\000a\000p\000S\000t\000a\000t\000e\000s}{subsection.5.5.1}% 159
\BOOKMARK [3][-]{subsubsection.5.5.1.2}{\376\377\0005\000.\0005\000.\0001\000.\0002\000\040\000m\000a\000x\000S\000p\000e\000e\000d}{subsection.5.5.1}% 160
\BOOKMARK [3][-]{subsubsection.5.5.1.3}{\376\377\0005\000.\0005\000.\0001\000.\0003\000\040\000m\000i\000n\000D\000i\000s\000t\000a\000n\000c\000e}{subsection.5.5.1}% 161
\BOOKMARK [3][-]{subsubsection.5.5.1.4}{\376\377\0005\000.\0005\000.\0001\000.\0004\000\040\000m\000i\000n\000D\000i\000s\000t\000a\000n\000c\000e\000F\000o\000r\000O\000b\000s\000t\000a\000c\000l\000e\000s}{subsection.5.5.1}% 162
\BOOKMARK [3][-]{subsubsection.5.5.1.5}{\376\377\0005\000.\0005\000.\0001\000.\0005\000\040\000m\000i\000n\000D\000i\000s\000t\000a\000n\000c\000e\000F\000o\000r\000P\000r\000e\000d\000a\000t\000o\000r\000s}{subsection.5.5.1}% 163
\BOOKMARK [3][-]{subsubsection.5.5.1.6}{\376\377\0005\000.\0005\000.\0001\000.\0006\000\040\000v\0001\000M\000u\000l}{subsection.5.5.1}% 164
\BOOKMARK [3][-]{subsubsection.5.5.1.7}{\376\377\0005\000.\0005\000.\0001\000.\0007\000\040\000v\0002\000M\000u\000l}{subsection.5.5.1}% 165
\BOOKMARK [3][-]{subsubsection.5.5.1.8}{\376\377\0005\000.\0005\000.\0001\000.\0008\000\040\000v\0003\000M\000u\000l}{subsection.5.5.1}% 166
\BOOKMARK [3][-]{subsubsection.5.5.1.9}{\376\377\0005\000.\0005\000.\0001\000.\0009\000\040\000v\0004\000M\000u\000l}{subsection.5.5.1}% 167
\BOOKMARK [3][-]{subsubsection.5.5.1.10}{\376\377\0005\000.\0005\000.\0001\000.\0001\0000\000\040\000v\000e\000l\000o\000c\000i\000t\000y\000D\000i\000v\000i\000s\000i\000o\000n}{subsection.5.5.1}% 168
\BOOKMARK [3][-]{subsubsection.5.5.1.11}{\376\377\0005\000.\0005\000.\0001\000.\0001\0001\000\040\000v\000M\000u\000l}{subsection.5.5.1}% 169
\BOOKMARK [3][-]{subsubsection.5.5.1.12}{\376\377\0005\000.\0005\000.\0001\000.\0001\0002\000\040\000x\000m\000a\000x}{subsection.5.5.1}% 170
\BOOKMARK [3][-]{subsubsection.5.5.1.13}{\376\377\0005\000.\0005\000.\0001\000.\0001\0003\000\040\000x\000m\000i\000n}{subsection.5.5.1}% 171
\BOOKMARK [3][-]{subsubsection.5.5.1.14}{\376\377\0005\000.\0005\000.\0001\000.\0001\0004\000\040\000y\000m\000a\000x}{subsection.5.5.1}% 172
\BOOKMARK [3][-]{subsubsection.5.5.1.15}{\376\377\0005\000.\0005\000.\0001\000.\0001\0005\000\040\000y\000m\000i\000n}{subsection.5.5.1}% 173
\BOOKMARK [3][-]{subsubsection.5.5.1.16}{\376\377\0005\000.\0005\000.\0001\000.\0001\0006\000\040\000z\000m\000a\000x}{subsection.5.5.1}% 174
\BOOKMARK [3][-]{subsubsection.5.5.1.17}{\376\377\0005\000.\0005\000.\0001\000.\0001\0007\000\040\000z\000m\000i\000n}{subsection.5.5.1}% 175
\BOOKMARK [1][-]{section.5.6}{\376\377\0005\000.\0006\000\040\000/\000U\000s\000e\000r\000s\000/\000m\000a\000d\000h\000u\000r\000/\000D\000o\000c\000u\000m\000e\000n\000t\000s\000/\000S\000e\000m\000\040\0006\000/\000C\000O\000P\0002\0009\0000\000/\000A\000s\000s\000i\000g\000n\000m\000e\000n\000t\000\040\0002\000/\000g\000i\000t\000/\000C\000o\000d\000e\000/\000i\000n\000c\000l\000u\000d\000e\000/\000p\000r\000e\000d\000a\000t\000o\000r\000.\000h\000\040\000F\000i\000l\000e\000\040\000R\000e\000f\000e\000r\000e\000n\000c\000e}{chapter.5}% 176
\BOOKMARK [1][-]{section.5.7}{\376\377\0005\000.\0007\000\040\000/\000U\000s\000e\000r\000s\000/\000m\000a\000d\000h\000u\000r\000/\000D\000o\000c\000u\000m\000e\000n\000t\000s\000/\000S\000e\000m\000\040\0006\000/\000C\000O\000P\0002\0009\0000\000/\000A\000s\000s\000i\000g\000n\000m\000e\000n\000t\000\040\0002\000/\000g\000i\000t\000/\000C\000o\000d\000e\000/\000i\000n\000c\000l\000u\000d\000e\000/\000s\000h\000a\000d\000e\000r\000.\000h\000\040\000F\000i\000l\000e\000\040\000R\000e\000f\000e\000r\000e\000n\000c\000e}{chapter.5}% 177
\BOOKMARK [2][-]{subsection.5.7.1}{\376\377\0005\000.\0007\000.\0001\000\040\000F\000u\000n\000c\000t\000i\000o\000n\000\040\000D\000o\000c\000u\000m\000e\000n\000t\000a\000t\000i\000o\000n}{section.5.7}% 178
\BOOKMARK [3][-]{subsubsection.5.7.1.1}{\376\377\0005\000.\0007\000.\0001\000.\0001\000\040\000L\000o\000a\000d\000S\000h\000a\000d\000e\000r\000s\000\050\000\051}{subsection.5.7.1}% 179
\BOOKMARK [1][-]{section.5.8}{\376\377\0005\000.\0008\000\040\000/\000U\000s\000e\000r\000s\000/\000m\000a\000d\000h\000u\000r\000/\000D\000o\000c\000u\000m\000e\000n\000t\000s\000/\000S\000e\000m\000\040\0006\000/\000C\000O\000P\0002\0009\0000\000/\000A\000s\000s\000i\000g\000n\000m\000e\000n\000t\000\040\0002\000/\000g\000i\000t\000/\000C\000o\000d\000e\000/\000i\000n\000c\000l\000u\000d\000e\000/\000s\000y\000s\000t\000e\000m\000.\000h\000\040\000F\000i\000l\000e\000\040\000R\000e\000f\000e\000r\000e\000n\000c\000e}{chapter.5}% 180
\BOOKMARK [1][-]{section.5.9}{\376\377\0005\000.\0009\000\040\000/\000U\000s\000e\000r\000s\000/\000m\000a\000d\000h\000u\000r\000/\000D\000o\000c\000u\000m\000e\000n\000t\000s\000/\000S\000e\000m\000\040\0006\000/\000C\000O\000P\0002\0009\0000\000/\000A\000s\000s\000i\000g\000n\000m\000e\000n\000t\000\040\0002\000/\000g\000i\000t\000/\000C\000o\000d\000e\000/\000R\000E\000A\000D\000M\000E\000.\000m\000d\000\040\000F\000i\000l\000e\000\040\000R\000e\000f\000e\000r\000e\000n\000c\000e}{chapter.5}% 181
\BOOKMARK [1][-]{section.5.10}{\376\377\0005\000.\0001\0000\000\040\000/\000U\000s\000e\000r\000s\000/\000m\000a\000d\000h\000u\000r\000/\000D\000o\000c\000u\000m\000e\000n\000t\000s\000/\000S\000e\000m\000\040\0006\000/\000C\000O\000P\0002\0009\0000\000/\000A\000s\000s\000i\000g\000n\000m\000e\000n\000t\000\040\0002\000/\000g\000i\000t\000/\000C\000o\000d\000e\000/\000s\000r\000c\000/\000b\000o\000i\000d\000.\000c\000p\000p\000\040\000F\000i\000l\000e\000\040\000R\000e\000f\000e\000r\000e\000n\000c\000e}{chapter.5}% 182
\BOOKMARK [2][-]{subsection.5.10.1}{\376\377\0005\000.\0001\0000\000.\0001\000\040\000F\000u\000n\000c\000t\000i\000o\000n\000\040\000D\000o\000c\000u\000m\000e\000n\000t\000a\000t\000i\000o\000n}{section.5.10}% 183
\BOOKMARK [3][-]{subsubsection.5.10.1.1}{\376\377\0005\000.\0001\0000\000.\0001\000.\0001\000\040\000c\000o\000m\000p\000a\000r\000e\000F\000l\000o\000a\000t\000s\000\050\000\051}{subsection.5.10.1}% 184
\BOOKMARK [3][-]{subsubsection.5.10.1.2}{\376\377\0005\000.\0001\0000\000.\0001\000.\0002\000\040\000l\000i\000m\000i\000t\000V\000e\000l\000o\000c\000i\000t\000y\000\050\000\051}{subsection.5.10.1}% 185
\BOOKMARK [3][-]{subsubsection.5.10.1.3}{\376\377\0005\000.\0001\0000\000.\0001\000.\0003\000\040\000n\000o\000r\000m\000a\000l\000i\000z\000e\000V\000e\000l\000o\000c\000i\000t\000y\000\050\000\051}{subsection.5.10.1}% 186
\BOOKMARK [3][-]{subsubsection.5.10.1.4}{\376\377\0005\000.\0001\0000\000.\0001\000.\0004\000\040\000p\000r\000i\000n\000t\000v\000e\000c\000\050\000\051}{subsection.5.10.1}% 187
\BOOKMARK [1][-]{section.5.11}{\376\377\0005\000.\0001\0001\000\040\000/\000U\000s\000e\000r\000s\000/\000m\000a\000d\000h\000u\000r\000/\000D\000o\000c\000u\000m\000e\000n\000t\000s\000/\000S\000e\000m\000\040\0006\000/\000C\000O\000P\0002\0009\0000\000/\000A\000s\000s\000i\000g\000n\000m\000e\000n\000t\000\040\0002\000/\000g\000i\000t\000/\000C\000o\000d\000e\000/\000s\000r\000c\000/\000i\000n\000o\000u\000t\000.\000c\000p\000p\000\040\000F\000i\000l\000e\000\040\000R\000e\000f\000e\000r\000e\000n\000c\000e}{chapter.5}% 188
\BOOKMARK [2][-]{subsection.5.11.1}{\376\377\0005\000.\0001\0001\000.\0001\000\040\000F\000u\000n\000c\000t\000i\000o\000n\000\040\000D\000o\000c\000u\000m\000e\000n\000t\000a\000t\000i\000o\000n}{section.5.11}% 189
\BOOKMARK [3][-]{subsubsection.5.11.1.1}{\376\377\0005\000.\0001\0001\000.\0001\000.\0001\000\040\000c\000o\000m\000p\000u\000t\000e\000R\000o\000t\000a\000t\000i\000o\000n\000O\000f\000F\000r\000a\000m\000e\000\050\000\051}{subsection.5.11.1}% 190
\BOOKMARK [3][-]{subsubsection.5.11.1.2}{\376\377\0005\000.\0001\0001\000.\0001\000.\0002\000\040\000c\000r\000e\000a\000t\000e\000B\000u\000f\000f\000e\000r\000s\000\050\000\051}{subsection.5.11.1}% 191
\BOOKMARK [3][-]{subsubsection.5.11.1.3}{\376\377\0005\000.\0001\0001\000.\0001\000.\0003\000\040\000d\000i\000s\000p\000l\000a\000y\000\050\000\051}{subsection.5.11.1}% 192
\BOOKMARK [3][-]{subsubsection.5.11.1.4}{\376\377\0005\000.\0001\0001\000.\0001\000.\0004\000\040\000d\000i\000s\000p\000l\000a\000y\000\137\000o\000b\000s\000t\000a\000c\000l\000e\000\050\000\051}{subsection.5.11.1}% 193
\BOOKMARK [3][-]{subsubsection.5.11.1.5}{\376\377\0005\000.\0001\0001\000.\0001\000.\0005\000\040\000e\000n\000d\000E\000v\000e\000r\000y\000t\000h\000i\000n\000g\000\050\000\051}{subsection.5.11.1}% 194
\BOOKMARK [3][-]{subsubsection.5.11.1.6}{\376\377\0005\000.\0001\0001\000.\0001\000.\0006\000\040\000i\000n\000i\000t\000i\000a\000l\000i\000z\000e\000E\000v\000e\000r\000y\000t\000h\000i\000n\000g\000\050\000\051}{subsection.5.11.1}% 195
\BOOKMARK [3][-]{subsubsection.5.11.1.7}{\376\377\0005\000.\0001\0001\000.\0001\000.\0007\000\040\000i\000n\000i\000t\000i\000a\000l\000i\000z\000e\000W\000i\000n\000d\000o\000w\000\050\000\051}{subsection.5.11.1}% 196
\BOOKMARK [3][-]{subsubsection.5.11.1.8}{\376\377\0005\000.\0001\0001\000.\0001\000.\0008\000\040\000m\000o\000u\000s\000e\000B\000u\000t\000t\000o\000n\000C\000a\000l\000l\000b\000a\000c\000k\000\050\000\051}{subsection.5.11.1}% 197
\BOOKMARK [3][-]{subsubsection.5.11.1.9}{\376\377\0005\000.\0001\0001\000.\0001\000.\0009\000\040\000o\000u\000t\000p\000u\000t\000\050\000\051}{subsection.5.11.1}% 198
\BOOKMARK [3][-]{subsubsection.5.11.1.10}{\376\377\0005\000.\0001\0001\000.\0001\000.\0001\0000\000\040\000s\000e\000t\000O\000b\000j\000e\000c\000t\000I\000D\000\050\000\051}{subsection.5.11.1}% 199
\BOOKMARK [3][-]{subsubsection.5.11.1.11}{\376\377\0005\000.\0001\0001\000.\0001\000.\0001\0001\000\040\000s\000e\000t\000S\000h\000a\000d\000e\000r\000s\000\050\000\051}{subsection.5.11.1}% 200
\BOOKMARK [2][-]{subsection.5.11.2}{\376\377\0005\000.\0001\0001\000.\0002\000\040\000V\000a\000r\000i\000a\000b\000l\000e\000\040\000D\000o\000c\000u\000m\000e\000n\000t\000a\000t\000i\000o\000n}{section.5.11}% 201
\BOOKMARK [3][-]{subsubsection.5.11.2.1}{\376\377\0005\000.\0001\0001\000.\0002\000.\0001\000\040\000a\000l\000l\000o\000w}{subsection.5.11.2}% 202
\BOOKMARK [3][-]{subsubsection.5.11.2.2}{\376\377\0005\000.\0001\0001\000.\0002\000.\0002\000\040\000a\000n\000g\000l\000e\000\137\000x}{subsection.5.11.2}% 203
\BOOKMARK [3][-]{subsubsection.5.11.2.3}{\376\377\0005\000.\0001\0001\000.\0002\000.\0003\000\040\000a\000n\000g\000l\000e\000\137\000y}{subsection.5.11.2}% 204
\BOOKMARK [3][-]{subsubsection.5.11.2.4}{\376\377\0005\000.\0001\0001\000.\0002\000.\0004\000\040\000b\000o\000i\000d\000C\000o\000l\000o\000r}{subsection.5.11.2}% 205
\BOOKMARK [3][-]{subsubsection.5.11.2.5}{\376\377\0005\000.\0001\0001\000.\0002\000.\0005\000\040\000e\000l\000e\000m\000e\000n\000t\000b\000u\000f\000f\000e\000r\000\137\000f\000l\000a\000p}{subsection.5.11.2}% 206
\BOOKMARK [3][-]{subsubsection.5.11.2.6}{\376\377\0005\000.\0001\0001\000.\0002\000.\0006\000\040\000e\000l\000e\000m\000e\000n\000t\000b\000u\000f\000f\000e\000r\000\137\000o\000b\000s\000t\000a\000c\000l\000e}{subsection.5.11.2}% 207
\BOOKMARK [3][-]{subsubsection.5.11.2.7}{\376\377\0005\000.\0001\0001\000.\0002\000.\0007\000\040\000F\000o\000V}{subsection.5.11.2}% 208
\BOOKMARK [3][-]{subsubsection.5.11.2.8}{\376\377\0005\000.\0001\0001\000.\0002\000.\0008\000\040\000i\000n\000d\000i\000c\000e\000s\000\137\000f\000l\000a\000p}{subsection.5.11.2}% 209
\BOOKMARK [3][-]{subsubsection.5.11.2.9}{\376\377\0005\000.\0001\0001\000.\0002\000.\0009\000\040\000i\000n\000d\000i\000c\000e\000s\000\137\000o\000b\000s\000t\000a\000c\000l\000e}{subsection.5.11.2}% 210
\BOOKMARK [3][-]{subsubsection.5.11.2.10}{\376\377\0005\000.\0001\0001\000.\0002\000.\0001\0000\000\040\000L\000i\000g\000h\000t\000I\000D}{subsection.5.11.2}% 211
\BOOKMARK [3][-]{subsubsection.5.11.2.11}{\376\377\0005\000.\0001\0001\000.\0002\000.\0001\0001\000\040\000l\000i\000g\000h\000t\000P\000o\000s}{subsection.5.11.2}% 212
\BOOKMARK [3][-]{subsubsection.5.11.2.12}{\376\377\0005\000.\0001\0001\000.\0002\000.\0001\0002\000\040\000M\000a\000t\000r\000i\000x\000I\000D}{subsection.5.11.2}% 213
\BOOKMARK [3][-]{subsubsection.5.11.2.13}{\376\377\0005\000.\0001\0001\000.\0002\000.\0001\0003\000\040\000M\000a\000t\000r\000i\000x\000I\000D\000\137\000l\000i\000g\000h\000t\000i\000n\000g}{subsection.5.11.2}% 214
\BOOKMARK [3][-]{subsubsection.5.11.2.14}{\376\377\0005\000.\0001\0001\000.\0002\000.\0001\0004\000\040\000M\000o\000d\000e\000l\000M\000a\000t\000r\000i\000x\000I\000D}{subsection.5.11.2}% 215
\BOOKMARK [3][-]{subsubsection.5.11.2.15}{\376\377\0005\000.\0001\0001\000.\0002\000.\0001\0005\000\040\000M\000o\000d\000e\000l\000M\000a\000t\000r\000i\000x\000I\000D\000\137\000l\000i\000g\000h\000t\000i\000n\000g}{subsection.5.11.2}% 216
\BOOKMARK [3][-]{subsubsection.5.11.2.16}{\376\377\0005\000.\0001\0001\000.\0002\000.\0001\0006\000\040\000n\000o\000r\000m\000a\000l\000b\000u\000f\000f\000e\000r\000\137\000o\000b\000s\000t\000a\000c\000l\000e}{subsection.5.11.2}% 217
\BOOKMARK [3][-]{subsubsection.5.11.2.17}{\376\377\0005\000.\0001\0001\000.\0002\000.\0001\0007\000\040\000n\000o\000r\000m\000a\000l\000s\000\137\000o\000b\000s\000t\000a\000c\000l\000e}{subsection.5.11.2}% 218
\BOOKMARK [3][-]{subsubsection.5.11.2.18}{\376\377\0005\000.\0001\0001\000.\0002\000.\0001\0008\000\040\000o\000b\000s\000t\000a\000c\000l\000e\000C\000o\000l\000o\000r}{subsection.5.11.2}% 219
\BOOKMARK [3][-]{subsubsection.5.11.2.19}{\376\377\0005\000.\0001\0001\000.\0002\000.\0001\0009\000\040\000p\000o\000s\000i\000t\000i\000o\000n}{subsection.5.11.2}% 220
\BOOKMARK [3][-]{subsubsection.5.11.2.20}{\376\377\0005\000.\0001\0001\000.\0002\000.\0002\0000\000\040\000p\000r\000e\000d\000a\000t\000o\000r\000C\000o\000l\000o\000r}{subsection.5.11.2}% 221
\BOOKMARK [3][-]{subsubsection.5.11.2.21}{\376\377\0005\000.\0001\0001\000.\0002\000.\0002\0001\000\040\000p\000r\000o\000g\000r\000a\000m\000I\000D}{subsection.5.11.2}% 222
\BOOKMARK [3][-]{subsubsection.5.11.2.22}{\376\377\0005\000.\0001\0001\000.\0002\000.\0002\0002\000\040\000p\000r\000o\000g\000r\000a\000m\000I\000D\000\137\000l\000i\000g\000h\000t\000i\000n\000g}{subsection.5.11.2}% 223
\BOOKMARK [3][-]{subsubsection.5.11.2.23}{\376\377\0005\000.\0001\0001\000.\0002\000.\0002\0003\000\040\000p\000r\000o\000j\000e\000c\000t\000i\000o\000n\000M\000a\000t\000r\000i\000x}{subsection.5.11.2}% 224
\BOOKMARK [3][-]{subsubsection.5.11.2.24}{\376\377\0005\000.\0001\0001\000.\0002\000.\0002\0004\000\040\000q\000u\000i\000t}{subsection.5.11.2}% 225
\BOOKMARK [3][-]{subsubsection.5.11.2.25}{\376\377\0005\000.\0001\0001\000.\0002\000.\0002\0005\000\040\000r\000o\000t\000a\000t\000i\000o\000n\000M\000a\000t\000r\000i\000x\000F\000r\000a\000m\000e}{subsection.5.11.2}% 226
\BOOKMARK [3][-]{subsubsection.5.11.2.26}{\376\377\0005\000.\0001\0001\000.\0002\000.\0002\0006\000\040\000r\000o\000t\000M\000a\000t\000r\000i\000x}{subsection.5.11.2}% 227
\BOOKMARK [3][-]{subsubsection.5.11.2.27}{\376\377\0005\000.\0001\0001\000.\0002\000.\0002\0007\000\040\000s\000c\000a\000l\000i\000n\000g\000F\000a\000c\000t\000o\000r\000I\000D}{subsection.5.11.2}% 228
\BOOKMARK [3][-]{subsubsection.5.11.2.28}{\376\377\0005\000.\0001\0001\000.\0002\000.\0002\0008\000\040\000s\000c\000a\000l\000i\000n\000g\000F\000a\000c\000t\000o\000r\000I\000D\000\137\000l\000i\000g\000h\000t\000i\000n\000g}{subsection.5.11.2}% 229
\BOOKMARK [3][-]{subsubsection.5.11.2.29}{\376\377\0005\000.\0001\0001\000.\0002\000.\0002\0009\000\040\000S\000p\000e\000e\000d}{subsection.5.11.2}% 230
\BOOKMARK [3][-]{subsubsection.5.11.2.30}{\376\377\0005\000.\0001\0001\000.\0002\000.\0003\0000\000\040\000s\000y\000s}{subsection.5.11.2}% 231
\BOOKMARK [3][-]{subsubsection.5.11.2.31}{\376\377\0005\000.\0001\0001\000.\0002\000.\0003\0001\000\040\000v\000e\000r\000t\000e\000x\000b\000u\000f\000f\000e\000r\000\137\000f\000l\000a\000p\0001}{subsection.5.11.2}% 232
\BOOKMARK [3][-]{subsubsection.5.11.2.32}{\376\377\0005\000.\0001\0001\000.\0002\000.\0003\0002\000\040\000v\000e\000r\000t\000e\000x\000b\000u\000f\000f\000e\000r\000\137\000f\000l\000a\000p\0002}{subsection.5.11.2}% 233
\BOOKMARK [3][-]{subsubsection.5.11.2.33}{\376\377\0005\000.\0001\0001\000.\0002\000.\0003\0003\000\040\000v\000e\000r\000t\000e\000x\000b\000u\000f\000f\000e\000r\000\137\000o\000b\000s\000t\000a\000c\000l\000e}{subsection.5.11.2}% 234
\BOOKMARK [3][-]{subsubsection.5.11.2.34}{\376\377\0005\000.\0001\0001\000.\0002\000.\0003\0004\000\040\000v\000e\000r\000t\000e\000x\000C\000o\000l\000o\000r\000I\000D}{subsection.5.11.2}% 235
\BOOKMARK [3][-]{subsubsection.5.11.2.35}{\376\377\0005\000.\0001\0001\000.\0002\000.\0003\0005\000\040\000v\000e\000r\000t\000e\000x\000C\000o\000l\000o\000r\000I\000D\000\137\000l\000i\000g\000h\000t\000i\000n\000g}{subsection.5.11.2}% 236
\BOOKMARK [3][-]{subsubsection.5.11.2.36}{\376\377\0005\000.\0001\0001\000.\0002\000.\0003\0006\000\040\000v\000e\000r\000t\000e\000x\000N\000o\000r\000m\000a\000l\000I\000D}{subsection.5.11.2}% 237
\BOOKMARK [3][-]{subsubsection.5.11.2.37}{\376\377\0005\000.\0001\0001\000.\0002\000.\0003\0007\000\040\000v\000e\000r\000t\000e\000x\000P\000o\000s\000I\000D}{subsection.5.11.2}% 238
\BOOKMARK [3][-]{subsubsection.5.11.2.38}{\376\377\0005\000.\0001\0001\000.\0002\000.\0003\0008\000\040\000v\000e\000r\000t\000e\000x\000P\000o\000s\000I\000D\000\137\000l\000i\000g\000t\000h\000i\000n\000g}{subsection.5.11.2}% 239
\BOOKMARK [3][-]{subsubsection.5.11.2.39}{\376\377\0005\000.\0001\0001\000.\0002\000.\0003\0009\000\040\000v\000e\000r\000t\000i\000c\000e\000s\000\137\000f\000l\000a\000p\0001}{subsection.5.11.2}% 240
\BOOKMARK [3][-]{subsubsection.5.11.2.40}{\376\377\0005\000.\0001\0001\000.\0002\000.\0004\0000\000\040\000v\000e\000r\000t\000i\000c\000e\000s\000\137\000f\000l\000a\000p\0002}{subsection.5.11.2}% 241
\BOOKMARK [3][-]{subsubsection.5.11.2.41}{\376\377\0005\000.\0001\0001\000.\0002\000.\0004\0001\000\040\000v\000e\000r\000t\000i\000c\000e\000s\000\137\000o\000b\000s\000t\000a\000c\000l\000e}{subsection.5.11.2}% 242
\BOOKMARK [3][-]{subsubsection.5.11.2.42}{\376\377\0005\000.\0001\0001\000.\0002\000.\0004\0002\000\040\000v\000i\000e\000w\000M\000a\000t\000r\000i\000x}{subsection.5.11.2}% 243
\BOOKMARK [3][-]{subsubsection.5.11.2.43}{\376\377\0005\000.\0001\0001\000.\0002\000.\0004\0003\000\040\000V\000i\000e\000w\000M\000a\000t\000r\000i\000x\000I\000D}{subsection.5.11.2}% 244
\BOOKMARK [3][-]{subsubsection.5.11.2.44}{\376\377\0005\000.\0001\0001\000.\0002\000.\0004\0004\000\040\000V\000i\000e\000w\000M\000a\000t\000r\000i\000x\000I\000D\000\137\000l\000i\000g\000h\000t\000i\000n\000g}{subsection.5.11.2}% 245
\BOOKMARK [3][-]{subsubsection.5.11.2.45}{\376\377\0005\000.\0001\0001\000.\0002\000.\0004\0005\000\040\000w\000i\000n\000d\000o\000w}{subsection.5.11.2}% 246
\BOOKMARK [1][-]{section.5.12}{\376\377\0005\000.\0001\0002\000\040\000/\000U\000s\000e\000r\000s\000/\000m\000a\000d\000h\000u\000r\000/\000D\000o\000c\000u\000m\000e\000n\000t\000s\000/\000S\000e\000m\000\040\0006\000/\000C\000O\000P\0002\0009\0000\000/\000A\000s\000s\000i\000g\000n\000m\000e\000n\000t\000\040\0002\000/\000g\000i\000t\000/\000C\000o\000d\000e\000/\000s\000r\000c\000/\000m\000a\000i\000n\000.\000c\000p\000p\000\040\000F\000i\000l\000e\000\040\000R\000e\000f\000e\000r\000e\000n\000c\000e}{chapter.5}% 247
\BOOKMARK [2][-]{subsection.5.12.1}{\376\377\0005\000.\0001\0002\000.\0001\000\040\000F\000u\000n\000c\000t\000i\000o\000n\000\040\000D\000o\000c\000u\000m\000e\000n\000t\000a\000t\000i\000o\000n}{section.5.12}% 248
\BOOKMARK [3][-]{subsubsection.5.12.1.1}{\376\377\0005\000.\0001\0002\000.\0001\000.\0001\000\040\000i\000n\000i\000t\000i\000a\000l\000i\000z\000e\000E\000v\000e\000r\000y\000t\000h\000i\000n\000g\000\050\000\051}{subsection.5.12.1}% 249
\BOOKMARK [3][-]{subsubsection.5.12.1.2}{\376\377\0005\000.\0001\0002\000.\0001\000.\0002\000\040\000m\000a\000i\000n\000\050\000\051}{subsection.5.12.1}% 250
\BOOKMARK [3][-]{subsubsection.5.12.1.3}{\376\377\0005\000.\0001\0002\000.\0001\000.\0003\000\040\000m\000o\000u\000s\000e\000B\000u\000t\000t\000o\000n\000C\000a\000l\000l\000b\000a\000c\000k\000\050\000\051}{subsection.5.12.1}% 251
\BOOKMARK [3][-]{subsubsection.5.12.1.4}{\376\377\0005\000.\0001\0002\000.\0001\000.\0004\000\040\000o\000u\000t\000p\000u\000t\000\050\000\051}{subsection.5.12.1}% 252
\BOOKMARK [3][-]{subsubsection.5.12.1.5}{\376\377\0005\000.\0001\0002\000.\0001\000.\0005\000\040\000p\000r\000i\000n\000t\000\050\000\051}{subsection.5.12.1}% 253
\BOOKMARK [2][-]{subsection.5.12.2}{\376\377\0005\000.\0001\0002\000.\0002\000\040\000V\000a\000r\000i\000a\000b\000l\000e\000\040\000D\000o\000c\000u\000m\000e\000n\000t\000a\000t\000i\000o\000n}{section.5.12}% 254
\BOOKMARK [3][-]{subsubsection.5.12.2.1}{\376\377\0005\000.\0001\0002\000.\0002\000.\0001\000\040\000q\000u\000i\000t}{subsection.5.12.2}% 255
\BOOKMARK [3][-]{subsubsection.5.12.2.2}{\376\377\0005\000.\0001\0002\000.\0002\000.\0002\000\040\000s\000y\000s}{subsection.5.12.2}% 256
\BOOKMARK [3][-]{subsubsection.5.12.2.3}{\376\377\0005\000.\0001\0002\000.\0002\000.\0003\000\040\000w\000i\000n\000d\000o\000w}{subsection.5.12.2}% 257
\BOOKMARK [1][-]{section.5.13}{\376\377\0005\000.\0001\0003\000\040\000/\000U\000s\000e\000r\000s\000/\000m\000a\000d\000h\000u\000r\000/\000D\000o\000c\000u\000m\000e\000n\000t\000s\000/\000S\000e\000m\000\040\0006\000/\000C\000O\000P\0002\0009\0000\000/\000A\000s\000s\000i\000g\000n\000m\000e\000n\000t\000\040\0002\000/\000g\000i\000t\000/\000C\000o\000d\000e\000/\000s\000r\000c\000/\000p\000r\000e\000d\000a\000t\000o\000r\000.\000c\000p\000p\000\040\000F\000i\000l\000e\000\040\000R\000e\000f\000e\000r\000e\000n\000c\000e}{chapter.5}% 258
\BOOKMARK [2][-]{subsection.5.13.1}{\376\377\0005\000.\0001\0003\000.\0001\000\040\000F\000u\000n\000c\000t\000i\000o\000n\000\040\000D\000o\000c\000u\000m\000e\000n\000t\000a\000t\000i\000o\000n}{section.5.13}% 259
\BOOKMARK [3][-]{subsubsection.5.13.1.1}{\376\377\0005\000.\0001\0003\000.\0001\000.\0001\000\040\000c\000o\000m\000p\000a\000r\000e\000F\000l\000o\000a\000t\000s\000\050\000\051}{subsection.5.13.1}% 260
\BOOKMARK [3][-]{subsubsection.5.13.1.2}{\376\377\0005\000.\0001\0003\000.\0001\000.\0002\000\040\000l\000i\000m\000i\000t\000V\000e\000l\000o\000c\000i\000t\000y\000\050\000\051}{subsection.5.13.1}% 261
\BOOKMARK [3][-]{subsubsection.5.13.1.3}{\376\377\0005\000.\0001\0003\000.\0001\000.\0003\000\040\000n\000o\000r\000m\000a\000l\000i\000z\000e\000V\000e\000l\000o\000c\000i\000t\000y\000\050\000\051}{subsection.5.13.1}% 262
\BOOKMARK [3][-]{subsubsection.5.13.1.4}{\376\377\0005\000.\0001\0003\000.\0001\000.\0004\000\040\000p\000r\000i\000n\000t\000v\000e\000c\000\050\000\051}{subsection.5.13.1}% 263
\BOOKMARK [1][-]{section.5.14}{\376\377\0005\000.\0001\0004\000\040\000/\000U\000s\000e\000r\000s\000/\000m\000a\000d\000h\000u\000r\000/\000D\000o\000c\000u\000m\000e\000n\000t\000s\000/\000S\000e\000m\000\040\0006\000/\000C\000O\000P\0002\0009\0000\000/\000A\000s\000s\000i\000g\000n\000m\000e\000n\000t\000\040\0002\000/\000g\000i\000t\000/\000C\000o\000d\000e\000/\000s\000r\000c\000/\000s\000h\000a\000d\000e\000r\000.\000c\000p\000p\000\040\000F\000i\000l\000e\000\040\000R\000e\000f\000e\000r\000e\000n\000c\000e}{chapter.5}% 264
\BOOKMARK [2][-]{subsection.5.14.1}{\376\377\0005\000.\0001\0004\000.\0001\000\040\000F\000u\000n\000c\000t\000i\000o\000n\000\040\000D\000o\000c\000u\000m\000e\000n\000t\000a\000t\000i\000o\000n}{section.5.14}% 265
\BOOKMARK [3][-]{subsubsection.5.14.1.1}{\376\377\0005\000.\0001\0004\000.\0001\000.\0001\000\040\000L\000o\000a\000d\000S\000h\000a\000d\000e\000r\000s\000\050\000\051}{subsection.5.14.1}% 266
\BOOKMARK [1][-]{section.5.15}{\376\377\0005\000.\0001\0005\000\040\000/\000U\000s\000e\000r\000s\000/\000m\000a\000d\000h\000u\000r\000/\000D\000o\000c\000u\000m\000e\000n\000t\000s\000/\000S\000e\000m\000\040\0006\000/\000C\000O\000P\0002\0009\0000\000/\000A\000s\000s\000i\000g\000n\000m\000e\000n\000t\000\040\0002\000/\000g\000i\000t\000/\000C\000o\000d\000e\000/\000s\000r\000c\000/\000s\000y\000s\000t\000e\000m\000.\000c\000p\000p\000\040\000F\000i\000l\000e\000\040\000R\000e\000f\000e\000r\000e\000n\000c\000e}{chapter.5}% 267
\BOOKMARK [2][-]{subsection.5.15.1}{\376\377\0005\000.\0001\0005\000.\0001\000\040\000F\000u\000n\000c\000t\000i\000o\000n\000\040\000D\000o\000c\000u\000m\000e\000n\000t\000a\000t\000i\000o\000n}{section.5.15}% 268
\BOOKMARK [3][-]{subsubsection.5.15.1.1}{\376\377\0005\000.\0001\0005\000.\0001\000.\0001\000\040\000d\000i\000s\000t\000a\000n\000c\000e\000\050\000\051}{subsection.5.15.1}% 269
\BOOKMARK [0][-]{section*.31}{\376\377\000I\000n\000d\000e\000x}{}% 270
